29
10
26
0 1 3 190 63 163 9 138 107 77 142 171 28 194 53 71 199 160 81 133 103 135 39 42 99 198 
18
0 84 175 128 178 78 2 154 187 95 11 158 102 132 26 73 129 195 
20
0 137 4 17 62 127 170 116 156 124 36 188 19 50 48 61 161 67 85 91 
22
0 164 123 5 151 140 146 90 7 76 15 112 122 176 94 98 104 119 37 80 168 68 
19
0 23 8 144 31 153 155 92 177 96 150 134 189 56 145 182 40 35 196 
29
0 169 64 136 66 41 152 13 10 82 183 18 83 58 186 97 131 25 120 52 109 6 45 44 157 79 121 33 75 
22
0 27 111 54 197 100 180 181 12 14 117 118 149 86 29 130 108 126 139 159 34 174 
25
0 70 65 43 32 179 59 51 22 105 46 38 72 87 184 16 88 167 47 200 113 143 166 173 165 
16
0 162 125 147 20 106 191 185 141 93 30 193 74 192 110 172 
13
0 114 21 57 89 49 60 55 69 101 115 24 148 
